Using pre-set license
Built from '2021.1/release' branch; Version is '2021.1.10f1 (b15f561b2cef) revision 11624278'; Using compiler version '192528614'; Build Type 'Release'
OS: 'Windows 10 Home; OS build 19042.985; Version 2009; 64bit' Language: 'en' Physical Memory: 130872 MB
BatchMode: 1, IsHumanControllingUs: 0, StartBugReporterOnCrash: 0, Is64bit: 1, IsPro: 0

 COMMAND LINE ARGUMENTS:
C:\Program Files\Unity\Hub\Editor\2021.1.10f1\Editor\Unity.exe
-adb2
-batchMode
-noUpm
-name
AssetImportWorker0
-projectPath
E:/My Documents/GitHub/PrototypingProject/PrototypingProject
-logFile
Logs/AssetImportWorker0.log
-srvPort
63801
Successfully changed project path to: E:/My Documents/GitHub/PrototypingProject/PrototypingProject
E:/My Documents/GitHub/PrototypingProject/PrototypingProject
Using Asset Import Pipeline V2.
Refreshing native plugins compatible for Editor in 33.91 ms, found 2 plugins.
Preloading 0 native plugins for Editor in 0.00 ms.
Initialize engine version: 2021.1.10f1 (b15f561b2cef)
[Subsystems] Discovering subsystems at path C:/Program Files/Unity/Hub/Editor/2021.1.10f1/Editor/Data/Resources/UnitySubsystems
[Subsystems] Discovering subsystems at path E:/My Documents/GitHub/PrototypingProject/PrototypingProject/Assets
GfxDevice: creating device client; threaded=0; jobified=0
Direct3D:
    Version:  Direct3D 11.0 [level 11.1]
    Renderer: NVIDIA GeForce RTX 3070 (ID=0x2484)
    Vendor:   NVIDIA
    VRAM:     8043 MB
    Driver:   27.21.14.6611
Initialize mono
Mono path[0] = 'C:/Program Files/Unity/Hub/Editor/2021.1.10f1/Editor/Data/Managed'
Mono path[1] = 'C:/Program Files/Unity/Hub/Editor/2021.1.10f1/Editor/Data/MonoBleedingEdge/lib/mono/unityjit'
Mono config path = 'C:/Program Files/Unity/Hub/Editor/2021.1.10f1/Editor/Data/MonoBleedingEdge/etc'
Using monoOptions --debugger-agent=transport=dt_socket,embedding=1,server=y,suspend=n,address=127.0.0.1:56084
Begin MonoManager ReloadAssembly
Registering precompiled unity dll's ...
Register platform support module: C:/Program Files/Unity/Hub/Editor/2021.1.10f1/Editor/Data/PlaybackEngines/WindowsStandaloneSupport/UnityEditor.WindowsStandalone.Extensions.dll
Registered in 0.001474 seconds.
Native extension for WindowsStandalone target not found
Refreshing native plugins compatible for Editor in 31.82 ms, found 2 plugins.
Preloading 0 native plugins for Editor in 0.00 ms.
Mono: successfully reloaded assembly
- Completed reload, in  0.944 seconds
Domain Reload Profiling:
	ReloadAssembly (945ms)
		BeginReloadAssembly (43ms)
			ExecutionOrderSort (0ms)
			DisableScriptedObjects (0ms)
			BackupInstance (0ms)
			ReleaseScriptingObjects (0ms)
			CreateAndSetChildDomain (1ms)
		EndReloadAssembly (365ms)
			LoadAssemblies (41ms)
			RebuildTransferFunctionScriptingTraits (0ms)
			SetupTypeCache (133ms)
			ReleaseScriptCaches (0ms)
			RebuildScriptCaches (24ms)
			SetupLoadedEditorAssemblies (144ms)
				LogAssemblyErrors (0ms)
				InitializePlatformSupportModulesInManaged (5ms)
				SetLoadedEditorAssemblies (0ms)
				RefreshPlugins (32ms)
				BeforeProcessingInitializeOnLoad (1ms)
				ProcessInitializeOnLoadAttributes (80ms)
				ProcessInitializeOnLoadMethodAttributes (25ms)
				AfterProcessingInitializeOnLoad (0ms)
				EditorAssembliesLoaded (0ms)
			ExecutionOrderSort2 (0ms)
			AwakeInstancesAfterBackupRestoration (0ms)
Platform modules already initialized, skipping
Registering precompiled user dll's ...
Registered in 0.044418 seconds.
Begin MonoManager ReloadAssembly
Native extension for WindowsStandalone target not found
Refreshing native plugins compatible for Editor in 0.40 ms, found 2 plugins.
Preloading 0 native plugins for Editor in 0.00 ms.
Mono: successfully reloaded assembly
- Completed reload, in  0.902 seconds
Domain Reload Profiling:
	ReloadAssembly (902ms)
		BeginReloadAssembly (118ms)
			ExecutionOrderSort (0ms)
			DisableScriptedObjects (4ms)
			BackupInstance (0ms)
			ReleaseScriptingObjects (0ms)
			CreateAndSetChildDomain (15ms)
		EndReloadAssembly (735ms)
			LoadAssemblies (68ms)
			RebuildTransferFunctionScriptingTraits (0ms)
			SetupTypeCache (241ms)
			ReleaseScriptCaches (0ms)
			RebuildScriptCaches (38ms)
			SetupLoadedEditorAssemblies (311ms)
				LogAssemblyErrors (0ms)
				InitializePlatformSupportModulesInManaged (4ms)
				SetLoadedEditorAssemblies (0ms)
				RefreshPlugins (0ms)
				BeforeProcessingInitializeOnLoad (50ms)
				ProcessInitializeOnLoadAttributes (246ms)
				ProcessInitializeOnLoadMethodAttributes (5ms)
				AfterProcessingInitializeOnLoad (5ms)
				EditorAssembliesLoaded (0ms)
			ExecutionOrderSort2 (0ms)
			AwakeInstancesAfterBackupRestoration (6ms)
Platform modules already initialized, skipping
========================================================================
Worker process is ready to serve import requests
Launched and connected shader compiler UnityShaderCompiler.exe after 0.03 seconds
Refreshing native plugins compatible for Editor in 0.47 ms, found 2 plugins.
Preloading 0 native plugins for Editor in 0.00 ms.
Unloading 2105 Unused Serialized files (Serialized files now loaded: 0)
System memory in use before: 94.7 MB.
System memory in use after: 94.8 MB.

Unloading 86 unused Assets to reduce memory usage. Loaded Objects now: 2544.
Total: 2.371200 ms (FindLiveObjects: 0.155500 ms CreateObjectMapping: 0.079800 ms MarkObjects: 2.013500 ms  DeleteObjects: 0.121500 ms)

AssetImportParameters requested are different than current active one (requested -> active):
  custom:framework-win-MediaFoundation: 216162199b28c13a410421893ffa2e32 -> 
  custom:video-decoder-ogg-theora: a1e56fd34408186e4bbccfd4996cb3dc -> 
  custom:container-muxer-webm: aa71ff27fc2769a1b78a27578f13a17b -> 
  custom:container-demuxer-webm: 4f35f7cbe854078d1ac9338744f61a02 -> 
  custom:container-demuxer-ogg: 62fdf1f143b41e24485cea50d1cbac27 -> 
  custom:video-encoder-webm-vp8: eb34c28f22e8b96e1ab97ce403110664 -> 
  custom:video-codec-MediaFoundation-h265: 746d11721c4dcdbdad8f713fa42b33f4 -> 
  custom:video-decoder-webm-vp8: 9c59270c3fd7afecdb556c50c9e8de78 -> 
  custom:audio-decoder-ogg-vorbis: bf7c407c2cedff20999df2af8eb42d56 -> 
  custom:audio-encoder-webm-vorbis: bf7c407c2cedff20999df2af8eb42d56 -> 
========================================================================
Received Import Request.
  path: Assets
  artifactKey: Guid(00000000000000001000000000000000) Importer(815301076,1909f56bfc062723c751e8b465ee728b)
Start importing Assets using Guid(00000000000000001000000000000000) Importer(815301076,1909f56bfc062723c751e8b465ee728b)  -> (artifact id: '42d402b061de3733987d63b9cc3b64de') in 0.010206 seconds 
========================================================================
Received Import Request.
  Time since last request: 9.086399 seconds.
  path: Assets/TextMesh Pro
  artifactKey: Guid(f54d1bd14bd3ca042bd867b519fee8cc) Importer(815301076,1909f56bfc062723c751e8b465ee728b)
Start importing Assets/TextMesh Pro using Guid(f54d1bd14bd3ca042bd867b519fee8cc) Importer(815301076,1909f56bfc062723c751e8b465ee728b)  -> (artifact id: '6170b652e791f28e2dae01803c8e71bf') in 0.010453 seconds 
========================================================================
Received Import Request.
  Time since last request: 9.970770 seconds.
  path: Assets/Weapon Prototype
  artifactKey: Guid(c882cf421fb04cf48856d6669eed7beb) Importer(815301076,1909f56bfc062723c751e8b465ee728b)
Start importing Assets/Weapon Prototype using Guid(c882cf421fb04cf48856d6669eed7beb) Importer(815301076,1909f56bfc062723c751e8b465ee728b)  -> (artifact id: '0dcb7f90fe2fab3096b27c893499b8bf') in 0.007678 seconds 
========================================================================
Received Import Request.
  Time since last request: 5.620078 seconds.
  path: Assets/Weapon Prototypes
  artifactKey: Guid(c882cf421fb04cf48856d6669eed7beb) Importer(815301076,1909f56bfc062723c751e8b465ee728b)
Start importing Assets/Weapon Prototypes using Guid(c882cf421fb04cf48856d6669eed7beb) Importer(815301076,1909f56bfc062723c751e8b465ee728b)  -> (artifact id: '703273e4436f63c8b3abc74fac658a05') in 0.009208 seconds 
========================================================================
Received Import Request.
  Time since last request: 3.757891 seconds.
  path: Assets/Weapon Prototypes/1stPrototypeWeapon.obj
  artifactKey: Guid(f316ab3fd3203cd4baf8cf7e49ecdd81) Importer(815301076,1909f56bfc062723c751e8b465ee728b)
Start importing Assets/Weapon Prototypes/1stPrototypeWeapon.obj using Guid(f316ab3fd3203cd4baf8cf7e49ecdd81) Importer(815301076,1909f56bfc062723c751e8b465ee728b)  -> (artifact id: 'e65ccebf8a593d9402bf1fc182bd8692') in 0.367684 seconds 
========================================================================
Received Import Request.
  Time since last request: 2.445934 seconds.
  path: Assets/Weapon Prototypes/2ndPrototypeWeapon.obj
  artifactKey: Guid(a9d64031645f73644882ad8b62bc0177) Importer(815301076,1909f56bfc062723c751e8b465ee728b)
Start importing Assets/Weapon Prototypes/2ndPrototypeWeapon.obj using Guid(a9d64031645f73644882ad8b62bc0177) Importer(815301076,1909f56bfc062723c751e8b465ee728b)  -> (artifact id: '814b61ba2da35242e98fc0069167844c') in 0.045442 seconds 
========================================================================
Received Import Request.
  Time since last request: 2.335788 seconds.
  path: Assets/Weapon Prototypes/3rdPrototypeWeapon.obj
  artifactKey: Guid(baad79398525ff441a2b3f585f9d5e6a) Importer(815301076,1909f56bfc062723c751e8b465ee728b)
Start importing Assets/Weapon Prototypes/3rdPrototypeWeapon.obj using Guid(baad79398525ff441a2b3f585f9d5e6a) Importer(815301076,1909f56bfc062723c751e8b465ee728b)  -> (artifact id: '98c873dad02641c8e7d219dfb7d6b016') in 0.059458 seconds 
========================================================================
Received Import Request.
  Time since last request: 3.081126 seconds.
  path: Assets/Weapon Prototypes/4thPrototypeWeapon.obj
  artifactKey: Guid(871920cded4b0f646bfa3ca32075ff2d) Importer(815301076,1909f56bfc062723c751e8b465ee728b)
Start importing Assets/Weapon Prototypes/4thPrototypeWeapon.obj using Guid(871920cded4b0f646bfa3ca32075ff2d) Importer(815301076,1909f56bfc062723c751e8b465ee728b)  -> (artifact id: 'c5e336133dac7ed5cd885cad28a5fe69') in 0.039633 seconds 
========================================================================
Received Import Request.
  Time since last request: 2.719500 seconds.
  path: Assets/Weapon Prototypes/5thPrototypeWeapon.obj
  artifactKey: Guid(b2490ee4a826cac49a4df6751b9d1e5a) Importer(815301076,1909f56bfc062723c751e8b465ee728b)
Start importing Assets/Weapon Prototypes/5thPrototypeWeapon.obj using Guid(b2490ee4a826cac49a4df6751b9d1e5a) Importer(815301076,1909f56bfc062723c751e8b465ee728b)  -> (artifact id: '3cbdafafb4dbff3fcdb6b5135ff55ea1') in 0.040779 seconds 
========================================================================
Received Import Request.
  Time since last request: 2.501248 seconds.
  path: Assets/Weapon Prototypes/6thPrototypeWeapon.obj
  artifactKey: Guid(a83cdc3975909424b9c96eab3e2d36cf) Importer(815301076,1909f56bfc062723c751e8b465ee728b)
Start importing Assets/Weapon Prototypes/6thPrototypeWeapon.obj using Guid(a83cdc3975909424b9c96eab3e2d36cf) Importer(815301076,1909f56bfc062723c751e8b465ee728b)  -> (artifact id: '97b40764529df384cc87e16baf932ccd') in 0.025941 seconds 
========================================================================
Received Import Request.
  Time since last request: 2.574358 seconds.
  path: Assets/Weapon Prototypes/7thPrototypeWeapon.obj
  artifactKey: Guid(27bbbc9f4df858e4f9bb6b8603878661) Importer(815301076,1909f56bfc062723c751e8b465ee728b)
Start importing Assets/Weapon Prototypes/7thPrototypeWeapon.obj using Guid(27bbbc9f4df858e4f9bb6b8603878661) Importer(815301076,1909f56bfc062723c751e8b465ee728b)  -> (artifact id: '245427a313752868f1aa5f2779632306') in 0.042972 seconds 
========================================================================
Received Import Request.
  Time since last request: 2.301670 seconds.
  path: Assets/Weapon Prototypes/8thPrototypeWeapon.obj
  artifactKey: Guid(3ad1d86253a6df04e87ea269a47aa1d8) Importer(815301076,1909f56bfc062723c751e8b465ee728b)
Start importing Assets/Weapon Prototypes/8thPrototypeWeapon.obj using Guid(3ad1d86253a6df04e87ea269a47aa1d8) Importer(815301076,1909f56bfc062723c751e8b465ee728b)  -> (artifact id: '1f33ca633e24b10b932483f929a6d213') in 0.024312 seconds 
AssetImportWorkerClient::OnTransportError - code=2 error=End of file
